MPASM 5.83                        AUTITO.ASM   6-20-2023  3:07:12         PAGE  1


LOC  OBJECT CODE     LINE SOURCE TEXT
  VALUE

                      00001 
                      00002  LIST P=16F877A
                      00003  #include "p16f877a.inc"
                      00001         LIST
                      00002 
                      00003 ;==========================================================================
                      00004 ; Build date : Jan 21 2019
                      00005 ;  MPASM PIC16F877A processor include
                      00006 ; 
                      00007 ;  (c) Copyright 1999-2019 Microchip Technology, All rights reserved
                      00008 ;==========================================================================
                      00009 
                      00567         LIST
                      00004 
                      00005 ; CONFIG
                      00006 ; __config 0x3FF9
2007   3FF9           00007  __CONFIG _FOSC_XT & _WDTE_OFF & _PWRTE_OFF & _BOREN_ON & _LVP_ON & _CPD_OFF & _WRT_OFF & _CP_OFF
                      00008 
                      00009  
  00000020            00010 DATO EQU 0X20
  00000021            00011 CONT EQU 0X21
                      00012 
                      00013         ORG       0X0
0000   2???           00014         GOTO      MAIN
                      00015         ORG        0X4
0004   2???           00016         GOTO INTERR
                      00017         ORG       0X5
0005                  00018 MAIN  
0005   1283 1303      00019       BANKSEL PORTA
0007   30C0           00020       MOVLW b'11000000'
0008   008B           00021       MOVWF INTCON
0009   1683 1303      00022       BANKSEL PIE1
Message[302]: Register in operand not in bank 0.  Ensure that bank bits are correct.
000B   168C           00023       BSF PIE1,RCIE
Message[302]: Register in operand not in bank 0.  Ensure that bank bits are correct.
000C   0186           00024       CLRF TRISB ; USAR RB1, RB2, RB4, RB5
Message[302]: Register in operand not in bank 0.  Ensure that bank bits are correct.
000D   1218           00025       BCF TXSTA,SYNC
Message[302]: Register in operand not in bank 0.  Ensure that bank bits are correct.
000E   1518           00026       BSF TXSTA,BRGH
000F   3019           00027       MOVLW .25
Message[302]: Register in operand not in bank 0.  Ensure that bank bits are correct.
0010   0099           00028       MOVWF SPBRG
0011   3017           00029       MOVLW   B'00010111'
Message[302]: Register in operand not in bank 0.  Ensure that bank bits are correct.
0012   0081           00030       MOVWF   OPTION_REG
0013   1283 1303      00031       BANKSEL RCSTA
0015   1798           00032       BSF RCSTA, SPEN
0016   1618           00033       BSF RCSTA, CREN
0017   1318           00034       BCF RCSTA, RX9
0018   1283 1303      00035       BANKSEL RCREG
001A   0186           00036       CLRF PORTB
                      00037       
MPASM 5.83                        AUTITO.ASM   6-20-2023  3:07:12         PAGE  2


LOC  OBJECT CODE     LINE SOURCE TEXT
  VALUE

                      00038       ;PWM
                      00039       
001B   1683 1303      00040       BANKSEL TRISC
Message[302]: Register in operand not in bank 0.  Ensure that bank bits are correct.
001D   1507           00041       BSF TRISC,2     ;CONFIGURO COMO ENTRADA RC2
001E   30FA           00042       MOVLW .250
Message[302]: Register in operand not in bank 0.  Ensure that bank bits are correct.
001F   0092           00043       MOVWF PR2
0020   1283 1303      00044       BANKSEL CCP1CON
0022   1517           00045       BSF CCP1CON,2
0023   1597           00046       BSF CCP1CON,3
0024   30BB           00047       MOVLW b'10111011'     ;PWM 75%
0025   0095           00048       MOVWF CCPR1L
0026   1217           00049       BCF CCP1CON,4
0027   1697           00050       BSF CCP1CON,5
0028   108D           00051       BCF PIR2, TMR2IF
0029   1412           00052       BSF T2CON, 0          ;PRESCALER TMR2=4
002A   1092           00053       BCF T2CON, 1
002B   1512           00054       BSF T2CON, TMR2ON
002C   1C8C           00055       BTFSS PIR1,TMR2IF
002D   2???           00056       GOTO $-1
002E   1683 1303      00057       BANKSEL TRISC
Message[302]: Register in operand not in bank 0.  Ensure that bank bits are correct.
0030   1107           00058       BCF TRISC,2
0031   1283 1303      00059       BANKSEL PORTB
                      00060             
                      00061       
0033   2???           00062       GOTO $
                      00063                 
0034                  00064 INTERR
0034   081A           00065         MOVF RCREG,W
0035   00A0           00066         MOVWF DATO
0036   019A           00067         CLRF RCREG
0037   1820           00068         BTFSC DATO,0
0038   2???           00069         GOTO AVANZAR
0039   18A0           00070         BTFSC DATO,1
003A   2???           00071         GOTO RETROCEDE
003B   1920           00072         BTFSC DATO,2
003C   2???           00073         GOTO DERECHA
003D   19A0           00074         BTFSC DATO,3
003E   2???           00075         GOTO IZQUIERDA
003F   1A20           00076         BTFSC DATO,4
0040   2???           00077         GOTO STOP
0041   1AA0           00078         BTFSC DATO,5
0042   2???           00079         GOTO _100
0043   1B20           00080         BTFSC DATO,6
0044   2???           00081         GOTO _50
0045   1BA0           00082         BTFSC DATO,7
0046   2???           00083         GOTO _25
                      00084         
                      00085         
0047                  00086 FIN     
                      00087         
MPASM 5.83                        AUTITO.ASM   6-20-2023  3:07:12         PAGE  3


LOC  OBJECT CODE     LINE SOURCE TEXT
  VALUE

0047   0009           00088         RETFIE
                      00089       
                      00090 
0048                  00091 AVANZAR
0048   1886           00092         BTFSC PORTB,RB1
0049   1086           00093         BCF PORTB,RB1
004A   1506           00094         BSF PORTB,RB2
004B   2???           00095         GOTO FIN
004C                  00096 RETROCEDE
004C   1906           00097         BTFSC PORTB,RB2
004D   1106           00098         BCF PORTB,RB2
004E   1486           00099         BSF PORTB,RB1   
004F   2???           00100         GOTO FIN
0050                  00101 DERECHA
                      00102         ;BTFSC PORTB,RB4
                      00103         ;GOTO VOLVER_A_IZQ
0050   2???           00104         GOTO GO_DER
0051   2???           00105         GOTO FIN
0052                  00106 IZQUIERDA
                      00107         ;BTFSC PORTB,RB5
                      00108         ;GOTO VOLVER_A_DER
0052   2???           00109         GOTO GO_IZQ
0053   2???           00110         GOTO FIN
0054                  00111 STOP      
0054   1086           00112         BCF PORTB,RB1
0055   1106           00113         BCF PORTB,RB2
                      00114         
0056   2???           00115         GOTO FIN
                      00116 
                      00117 ;VOLVER_A_DER
                      00118 ;       BCF PORTB,RB4
                      00119 ;       BSF PORTB,RB5
                      00120 ;       CALL RETARDO_250
                      00121 ;       CALL RETARDO_250
                      00122 ;       BCF PORTB,RB5
                      00123 ;       GOTO FIN
                      00124 ;VOLVER_A_IZQ
                      00125 ;       BCF PORTB,RB5
                      00126 ;       BSF PORTB,RB4
                      00127 ;       CALL RETARDO_250
                      00128 ;       CALL RETARDO_250
                      00129 ;       BCF PORTB,RB4
                      00130 ;       GOTO FIN
                      00131         
0057                  00132 GO_DER
0057   1686           00133         BSF PORTB,RB5
0058   2???           00134         CALL RETARDO_T1
0059   1286           00135         BCF PORTB,RB5
005A   2???           00136         GOTO FIN
005B                  00137 GO_IZQ
005B   1606           00138         BSF PORTB,RB4
005C   2???           00139         CALL RETARDO_T1
005D   1206           00140         BCF PORTB,RB4
MPASM 5.83                        AUTITO.ASM   6-20-2023  3:07:12         PAGE  4


LOC  OBJECT CODE     LINE SOURCE TEXT
  VALUE

005E   2???           00141         GOTO FIN
                      00142         
005F                  00143 _100
005F   30BB           00144         MOVLW b'10111011'           ;PWM 75%
0060   0095           00145         MOVWF CCPR1L
0061   1217           00146         BCF CCP1CON,4
0062   1697           00147         BSF CCP1CON,5
0063   2???           00148         GOTO FIN
                      00149         
0064                  00150 _50
0064   3064           00151         MOVLW b'01100100'           ;PWM 50%
0065   0095           00152         MOVWF CCPR1L
0066   1217           00153         BCF CCP1CON,4
0067   1297           00154         BCF CCP1CON,5
0068   2???           00155         GOTO FIN
                      00156 
0069                  00157 _25
0069   3032           00158         MOVLW b'00110010'           ;PWM 25%
006A   0095           00159         MOVWF CCPR1L
006B   1217           00160         BCF CCP1CON,4
006C   1297           00161         BCF CCP1CON,5
006D   2???           00162         GOTO FIN
                      00163         
006E                  00164 RETARDO_250
006E   30FA           00165         MOVLW .250
006F   00A1           00166         MOVWF CONT
0070                  00167 BUCLE
0070   0000           00168         NOP
0071   0000           00169         NOP
0072   0BA1           00170         DECFSZ CONT,F
0073   2???           00171         GOTO BUCLE
0074   0008           00172         RETURN
0075                  00173 RETARDO_T1
0075   3096           00174          MOVLW  .150   ;genero un retardo de 3.3ms
0076   0081           00175          MOVWF  TMR0
0077   110B           00176          BCF    INTCON,T0IF
0078   1D0B           00177          BTFSS  INTCON,T0IF
0079   2???           00178          GOTO $-1
007A   0008           00179          RETURN
007B   0008           00180         RETURN
                      00181         
Warning[205]: Found directive in column 1. (END)
3FF9                  00182 END
MPASM 5.83                        AUTITO.ASM   6-20-2023  3:07:12         PAGE  5


SYMBOL TABLE
  LABEL                             VALUE 

ACKDT                             00000005
ACKEN                             00000004
ACKSTAT                           00000006
ADCON0                            0000001F
ADCON1                            0000009F
ADCS0                             00000006
ADCS1                             00000007
ADCS2                             00000006
ADDEN                             00000003
ADFM                              00000007
ADIE                              00000006
ADIF                              00000006
ADON                              00000000
ADRESH                            0000001E
ADRESL                            0000009E
AVANZAR                           00000048
BCLIE                             00000003
BCLIF                             00000003
BF                                00000000
BRGH                              00000002
BUCLE                             00000070
C                                 00000000
C1INV                             00000004
C1OUT                             00000006
C2INV                             00000005
C2OUT                             00000007
CCP1CON                           00000017
CCP1IE                            00000002
CCP1IF                            00000002
CCP1M0                            00000000
CCP1M1                            00000001
CCP1M2                            00000002
CCP1M3                            00000003
CCP1X                             00000005
CCP1Y                             00000004
CCP2CON                           0000001D
CCP2IE                            00000000
CCP2IF                            00000000
CCP2M0                            00000000
CCP2M1                            00000001
CCP2M2                            00000002
CCP2M3                            00000003
CCP2X                             00000005
CCP2Y                             00000004
CCPR1                             00000015
CCPR1H                            00000016
CCPR1L                            00000015
CCPR2                             0000001B
CCPR2H                            0000001C
CCPR2L                            0000001B
CHS0                              00000003
CHS1                              00000004
CHS2                              00000005
MPASM 5.83                        AUTITO.ASM   6-20-2023  3:07:12         PAGE  6


SYMBOL TABLE
  LABEL                             VALUE 

CIS                               00000003
CKE                               00000006
CKP                               00000004
CM0                               00000000
CM1                               00000001
CM2                               00000002
CMCON                             0000009C
CMIE                              00000006
CMIF                              00000006
CONT                              00000021
CREN                              00000004
CSRC                              00000007
CVR0                              00000000
CVR1                              00000001
CVR2                              00000002
CVR3                              00000003
CVRCON                            0000009D
CVREN                             00000007
CVROE                             00000006
CVRR                              00000005
D                                 00000005
DATA_ADDRESS                      00000005
DATO                              00000020
DC                                00000001
DERECHA                           00000050
D_A                               00000005
D_NOT_A                           00000005
EEADR                             0000010D
EEADRH                            0000010F
EECON1                            0000018C
EECON2                            0000018D
EEDATA                            0000010C
EEDATH                            0000010E
EEIE                              00000004
EEIF                              00000004
EEPGD                             00000007
F                                 00000001
FERR                              00000002
FIN                               00000047
FSR                               00000004
GCEN                              00000007
GIE                               00000007
GO                                00000002
GO_DER                            00000057
GO_DONE                           00000002
GO_IZQ                            0000005B
GO_NOT_DONE                       00000002
I2C_DATA                          00000005
I2C_READ                          00000002
I2C_START                         00000003
I2C_STOP                          00000004
IBF                               00000007
IBOV                              00000005
MPASM 5.83                        AUTITO.ASM   6-20-2023  3:07:12         PAGE  7


SYMBOL TABLE
  LABEL                             VALUE 

INDF                              00000000
INTCON                            0000000B
INTE                              00000004
INTEDG                            00000006
INTERR                            00000034
INTF                              00000001
IRP                               00000007
IZQUIERDA                         00000052
MAIN                              00000005
NOT_A                             00000005
NOT_ADDRESS                       00000005
NOT_BO                            00000000
NOT_BOR                           00000000
NOT_DONE                          00000002
NOT_PD                            00000003
NOT_POR                           00000001
NOT_RBPU                          00000007
NOT_RC8                           00000006
NOT_T1SYNC                        00000002
NOT_TO                            00000004
NOT_TX8                           00000006
NOT_W                             00000002
NOT_WRITE                         00000002
OBF                               00000006
OERR                              00000001
OPTION_REG                        00000081
P                                 00000004
PCFG0                             00000000
PCFG1                             00000001
PCFG2                             00000002
PCFG3                             00000003
PCL                               00000002
PCLATH                            0000000A
PCON                              0000008E
PEIE                              00000006
PEN                               00000002
PIE1                              0000008C
PIE2                              0000008D
PIR1                              0000000C
PIR2                              0000000D
PORTA                             00000005
PORTB                             00000006
PORTC                             00000007
PORTD                             00000008
PORTE                             00000009
PR2                               00000092
PS0                               00000000
PS1                               00000001
PS2                               00000002
PSA                               00000003
PSPIE                             00000007
PSPIF                             00000007
PSPMODE                           00000004
MPASM 5.83                        AUTITO.ASM   6-20-2023  3:07:12         PAGE  8


SYMBOL TABLE
  LABEL                             VALUE 

R                                 00000002
RA0                               00000000
RA1                               00000001
RA2                               00000002
RA3                               00000003
RA4                               00000004
RA5                               00000005
RB0                               00000000
RB1                               00000001
RB2                               00000002
RB3                               00000003
RB4                               00000004
RB5                               00000005
RB6                               00000006
RB7                               00000007
RBIE                              00000003
RBIF                              00000000
RC0                               00000000
RC1                               00000001
RC2                               00000002
RC3                               00000003
RC4                               00000004
RC5                               00000005
RC6                               00000006
RC7                               00000007
RC8_9                             00000006
RC9                               00000006
RCD8                              00000000
RCEN                              00000003
RCIE                              00000005
RCIF                              00000005
RCREG                             0000001A
RCSTA                             00000018
RD                                00000000
RD0                               00000000
RD1                               00000001
RD2                               00000002
RD3                               00000003
RD4                               00000004
RD5                               00000005
RD6                               00000006
RD7                               00000007
RE0                               00000000
RE1                               00000001
RE2                               00000002
READ_WRITE                        00000002
RETARDO_250                       0000006E
RETARDO_T1                        00000075
RETROCEDE                         0000004C
RP0                               00000005
RP1                               00000006
RSEN                              00000001
RX9                               00000006
MPASM 5.83                        AUTITO.ASM   6-20-2023  3:07:12         PAGE  9


SYMBOL TABLE
  LABEL                             VALUE 

RX9D                              00000000
R_NOT_W                           00000002
R_W                               00000002
S                                 00000003
SEN                               00000000
SMP                               00000007
SPBRG                             00000099
SPEN                              00000007
SREN                              00000005
SSPADD                            00000093
SSPBUF                            00000013
SSPCON                            00000014
SSPCON2                           00000091
SSPEN                             00000005
SSPIE                             00000003
SSPIF                             00000003
SSPM0                             00000000
SSPM1                             00000001
SSPM2                             00000002
SSPM3                             00000003
SSPOV                             00000006
SSPSTAT                           00000094
STATUS                            00000003
STOP                              00000054
SYNC                              00000004
T0CS                              00000005
T0IE                              00000005
T0IF                              00000002
T0SE                              00000004
T1CKPS0                           00000004
T1CKPS1                           00000005
T1CON                             00000010
T1INSYNC                          00000002
T1OSCEN                           00000003
T1SYNC                            00000002
T2CKPS0                           00000000
T2CKPS1                           00000001
T2CON                             00000012
TMR0                              00000001
TMR0IE                            00000005
TMR0IF                            00000002
TMR1                              0000000E
TMR1CS                            00000001
TMR1H                             0000000F
TMR1IE                            00000000
TMR1IF                            00000000
TMR1L                             0000000E
TMR1ON                            00000000
TMR2                              00000011
TMR2IE                            00000001
TMR2IF                            00000001
TMR2ON                            00000002
TOUTPS0                           00000003
MPASM 5.83                        AUTITO.ASM   6-20-2023  3:07:12         PAGE 10


SYMBOL TABLE
  LABEL                             VALUE 

TOUTPS1                           00000004
TOUTPS2                           00000005
TOUTPS3                           00000006
TRISA                             00000085
TRISA0                            00000000
TRISA1                            00000001
TRISA2                            00000002
TRISA3                            00000003
TRISA4                            00000004
TRISA5                            00000005
TRISB                             00000086
TRISB0                            00000000
TRISB1                            00000001
TRISB2                            00000002
TRISB3                            00000003
TRISB4                            00000004
TRISB5                            00000005
TRISB6                            00000006
TRISB7                            00000007
TRISC                             00000087
TRISC0                            00000000
TRISC1                            00000001
TRISC2                            00000002
TRISC3                            00000003
TRISC4                            00000004
TRISC5                            00000005
TRISC6                            00000006
TRISC7                            00000007
TRISD                             00000088
TRISD0                            00000000
TRISD1                            00000001
TRISD2                            00000002
TRISD3                            00000003
TRISD4                            00000004
TRISD5                            00000005
TRISD6                            00000006
TRISD7                            00000007
TRISE                             00000089
TRISE0                            00000000
TRISE1                            00000001
TRISE2                            00000002
TRMT                              00000001
TX8_9                             00000006
TX9                               00000006
TX9D                              00000000
TXD8                              00000000
TXEN                              00000005
TXIE                              00000004
TXIF                              00000004
TXREG                             00000019
TXSTA                             00000098
UA                                00000001
W                                 00000000
MPASM 5.83                        AUTITO.ASM   6-20-2023  3:07:12         PAGE 11


SYMBOL TABLE
  LABEL                             VALUE 

WCOL                              00000007
WR                                00000001
WREN                              00000002
WRERR                             00000003
Z                                 00000002
_.org_2_002D                      0000002D
_.org_2_0033                      00000033
_.org_2_0079                      00000079
_100                              0000005F
_25                               00000069
_50                               00000064
_BODEN_OFF                        00003FBF
_BODEN_ON                         00003FFF
_BOREN_OFF                        00003FBF
_BOREN_ON                         00003FFF
_CONFIG                           00002007
_CPD_OFF                          00003FFF
_CPD_ON                           00003EFF
_CP_ALL                           00001FFF
_CP_OFF                           00003FFF
_CP_ON                            00001FFF
_DEBUG_OFF                        00003FFF
_DEBUG_ON                         000037FF
_DEVID1                           00002006
_FOSC_EXTRC                       00003FFF
_FOSC_HS                          00003FFE
_FOSC_LP                          00003FFC
_FOSC_XT                          00003FFD
_HS_OSC                           00003FFE
_IDLOC0                           00002000
_IDLOC1                           00002001
_IDLOC2                           00002002
_IDLOC3                           00002003
_LP_OSC                           00003FFC
_LVP_OFF                          00003F7F
_LVP_ON                           00003FFF
_PWRTE_OFF                        00003FFF
_PWRTE_ON                         00003FF7
_RC_OSC                           00003FFF
_WDTE_OFF                         00003FFB
_WDTE_ON                          00003FFF
_WDT_OFF                          00003FFB
_WDT_ON                           00003FFF
_WRT_1FOURTH                      00003BFF
_WRT_256                          00003DFF
_WRT_HALF                         000039FF
_WRT_OFF                          00003FFF
_XT_OSC                           00003FFD
__16F877A                         00000001

MPASM 5.83                        AUTITO.ASM   6-20-2023  3:07:12         PAGE 12





Errors   :     0
Warnings :     1 reported,     0 suppressed
Messages :     9 reported,     0 suppressed

